<?xml version="1.0" encoding="UTF-8"?>
<testsuite xmlns:xsi="http://www.w3.org/2001/XMLSchema-instance" xsi:noNamespaceSchemaLocation="https://maven.apache.org/surefire/maven-surefire-plugin/xsd/surefire-test-report.xsd" name="com.softtek.javaweb.service.UserServiceTest" time="2.128" tests="3" errors="0" skipped="0" failures="0">
  <properties>
    <property name="sun.desktop" value="windows"/>
    <property name="awt.toolkit" value="sun.awt.windows.WToolkit"/>
    <property name="file.encoding.pkg" value="sun.io"/>
    <property name="java.specification.version" value="1.8"/>
    <property name="sun.cpu.isalist" value="amd64"/>
    <property name="sun.jnu.encoding" value="Cp1252"/>
    <property name="java.class.path" value="C:\Hugo\javaMVP\JAVA101\webtest-app\webtest\target\test-classes;C:\Hugo\javaMVP\JAVA101\webtest-app\webtest\target\classes;C:\Users\hugok\.m2\repository\javax\servlet\servlet-api\3.0-alpha-1\servlet-api-3.0-alpha-1.jar;C:\Users\hugok\.m2\repository\javax\servlet\jstl\1.2\jstl-1.2.jar;C:\Users\hugok\.m2\repository\junit\junit\4.11\junit-4.11.jar;C:\Users\hugok\.m2\repository\org\hamcrest\hamcrest-core\1.3\hamcrest-core-1.3.jar;C:\Users\hugok\.m2\repository\mysql\mysql-connector-java\8.0.11\mysql-connector-java-8.0.11.jar;C:\Users\hugok\.m2\repository\com\google\protobuf\protobuf-java\2.6.0\protobuf-java-2.6.0.jar;C:\Users\hugok\.m2\repository\org\apache\commons\commons-lang3\3.7\commons-lang3-3.7.jar;C:\Users\hugok\.m2\repository\log4j\log4j\1.2.12\log4j-1.2.12.jar;C:\Users\hugok\.m2\repository\org\slf4j\slf4j-log4j12\1.7.12\slf4j-log4j12-1.7.12.jar;C:\Users\hugok\.m2\repository\org\slf4j\slf4j-api\1.7.12\slf4j-api-1.7.12.jar;"/>
    <property name="java.vm.vendor" value="Oracle Corporation"/>
    <property name="sun.arch.data.model" value="64"/>
    <property name="user.variant" value=""/>
    <property name="java.vendor.url" value="http://java.oracle.com/"/>
    <property name="user.timezone" value=""/>
    <property name="java.vm.specification.version" value="1.8"/>
    <property name="os.name" value="Windows 10"/>
    <property name="user.country" value="MX"/>
    <property name="sun.java.launcher" value="SUN_STANDARD"/>
    <property name="sun.boot.library.path" value="C:\Program Files\Java\jdk1.8.0_161\jre\bin"/>
    <property name="sun.java.command" value="C:\Users\hugok\AppData\Local\Temp\surefire3021036738473832807\surefirebooter7152892939445557305.jar C:\Users\hugok\AppData\Local\Temp\surefire3021036738473832807 2018-06-12T17-05-33_959-jvmRun1 surefire8790843765933355387tmp surefire_0113001637689946573tmp"/>
    <property name="surefire.test.class.path" value="C:\Hugo\javaMVP\JAVA101\webtest-app\webtest\target\test-classes;C:\Hugo\javaMVP\JAVA101\webtest-app\webtest\target\classes;C:\Users\hugok\.m2\repository\javax\servlet\servlet-api\3.0-alpha-1\servlet-api-3.0-alpha-1.jar;C:\Users\hugok\.m2\repository\javax\servlet\jstl\1.2\jstl-1.2.jar;C:\Users\hugok\.m2\repository\junit\junit\4.11\junit-4.11.jar;C:\Users\hugok\.m2\repository\org\hamcrest\hamcrest-core\1.3\hamcrest-core-1.3.jar;C:\Users\hugok\.m2\repository\mysql\mysql-connector-java\8.0.11\mysql-connector-java-8.0.11.jar;C:\Users\hugok\.m2\repository\com\google\protobuf\protobuf-java\2.6.0\protobuf-java-2.6.0.jar;C:\Users\hugok\.m2\repository\org\apache\commons\commons-lang3\3.7\commons-lang3-3.7.jar;C:\Users\hugok\.m2\repository\log4j\log4j\1.2.12\log4j-1.2.12.jar;C:\Users\hugok\.m2\repository\org\slf4j\slf4j-log4j12\1.7.12\slf4j-log4j12-1.7.12.jar;C:\Users\hugok\.m2\repository\org\slf4j\slf4j-api\1.7.12\slf4j-api-1.7.12.jar;"/>
    <property name="sun.cpu.endian" value="little"/>
    <property name="user.home" value="C:\Users\hugok"/>
    <property name="user.language" value="es"/>
    <property name="java.specification.vendor" value="Oracle Corporation"/>
    <property name="java.home" value="C:\Program Files\Java\jdk1.8.0_161\jre"/>
    <property name="basedir" value="C:\Hugo\javaMVP\JAVA101\webtest-app\webtest"/>
    <property name="file.separator" value="\"/>
    <property name="line.separator" value="&#10;"/>
    <property name="java.vm.specification.vendor" value="Oracle Corporation"/>
    <property name="java.specification.name" value="Java Platform API Specification"/>
    <property name="java.awt.graphicsenv" value="sun.awt.Win32GraphicsEnvironment"/>
    <property name="surefire.real.class.path" value="C:\Users\hugok\AppData\Local\Temp\surefire3021036738473832807\surefirebooter7152892939445557305.jar"/>
    <property name="sun.boot.class.path" value="C:\Program Files\Java\jdk1.8.0_161\jre\lib\resources.jar;C:\Program Files\Java\jdk1.8.0_161\jre\lib\rt.jar;C:\Program Files\Java\jdk1.8.0_161\jre\lib\sunrsasign.jar;C:\Program Files\Java\jdk1.8.0_161\jre\lib\jsse.jar;C:\Program Files\Java\jdk1.8.0_161\jre\lib\jce.jar;C:\Program Files\Java\jdk1.8.0_161\jre\lib\charsets.jar;C:\Program Files\Java\jdk1.8.0_161\jre\lib\jfr.jar;C:\Program Files\Java\jdk1.8.0_161\jre\classes"/>
    <property name="user.script" value=""/>
    <property name="sun.management.compiler" value="HotSpot 64-Bit Tiered Compilers"/>
    <property name="java.runtime.version" value="1.8.0_161-b12"/>
    <property name="user.name" value="hugok"/>
    <property name="path.separator" value=";"/>
    <property name="os.version" value="10.0"/>
    <property name="java.endorsed.dirs" value="C:\Program Files\Java\jdk1.8.0_161\jre\lib\endorsed"/>
    <property name="java.runtime.name" value="Java(TM) SE Runtime Environment"/>
    <property name="file.encoding" value="Cp1252"/>
    <property name="java.vm.name" value="Java HotSpot(TM) 64-Bit Server VM"/>
    <property name="localRepository" value="C:\Users\hugok\.m2\repository"/>
    <property name="java.vendor.url.bug" value="http://bugreport.sun.com/bugreport/"/>
    <property name="java.io.tmpdir" value="C:\Users\hugok\AppData\Local\Temp\"/>
    <property name="java.version" value="1.8.0_161"/>
    <property name="user.dir" value="C:\Hugo\javaMVP\JAVA101\webtest-app\webtest"/>
    <property name="os.arch" value="amd64"/>
    <property name="java.vm.specification.name" value="Java Virtual Machine Specification"/>
    <property name="java.awt.printerjob" value="sun.awt.windows.WPrinterJob"/>
    <property name="sun.os.patch.level" value=""/>
    <property name="java.library.path" value="C:\Program Files\Java\jdk1.8.0_161\jre\bin;C:\Windows\Sun\Java\bin;C:\Windows\system32;C:\Windows;C:/Program Files/Java/jre1.8.0_171/bin/server;C:/Program Files/Java/jre1.8.0_171/bin;C:/Program Files/Java/jre1.8.0_171/lib/amd64;C:\Program Files (x86)\Common Files\Oracle\Java\javapath;C:\oraclexe\app\oracle\product\11.2.0\server\bin;C:\ProgramData\Oracle\Java\javapath;C:\Windows\system32;C:\Windows;C:\Windows\System32\Wbem;C:\Windows\System32\WindowsPowerShell\v1.0\;c:\Program Files (x86)\AMD\ATI.ACE\Core-Static;C:\Program Files (x86)\QT Lite\QTSystem;C:\Program Files\PuTTY\;C:\apache-tomcat-8.5.27\bin;C:\sonarqube-6.7.1\bin\windows-x86-64;C:\Program Files\Git\cmd;C:\Program Files\Java\jdk1.8.0_161\bin;C:\apache-maven-3.5.2\bin;C:\Program Files\MySQL\MySQL Utilities 1.6\;C:\Ruby24-x64\bin;C:\Users\hugok\AppData\Local\Microsoft\WindowsApps;C:\sts-3.9.4.RELEASE;;."/>
    <property name="java.vm.info" value="mixed mode"/>
    <property name="java.vendor" value="Oracle Corporation"/>
    <property name="java.vm.version" value="25.161-b12"/>
    <property name="java.ext.dirs" value="C:\Program Files\Java\jdk1.8.0_161\jre\lib\ext;C:\Windows\Sun\Java\lib\ext"/>
    <property name="sun.io.unicode.encoding" value="UnicodeLittle"/>
    <property name="java.class.version" value="52.0"/>
  </properties>
  <testcase name="testAshouldCreateUser" classname="com.softtek.javaweb.service.UserServiceTest" time="1.313"/>
  <testcase name="testBshouldUpdateUser" classname="com.softtek.javaweb.service.UserServiceTest" time="0.147"/>
  <testcase name="testCshouldDeleteUser" classname="com.softtek.javaweb.service.UserServiceTest" time="0.157"/>
</testsuite>